#
# There is insufficient memory for the Java Runtime Environment to continue.
# Native memory allocation (mmap) failed to map 268435456 bytes for Failed to commit area from 0x0000000701e00000 to 0x0000000711e00000 of length 268435456.
# Possible reasons:
#   The system is out of physical RAM or swap space
#   The process is running with CompressedOops enabled, and the Java Heap may be blocking the growth of the native heap
# Possible solutions:
#   Reduce memory load on the system
#   Increase physical memory or swap space
#   Check if swap backing store is full
#   Decrease Java heap size (-Xmx/-Xms)
#   Decrease number of Java threads
#   Decrease Java thread stack sizes (-Xss)
#   Set larger code cache with -XX:ReservedCodeCacheSize=
# This output file may be truncated or incomplete.
#
#  Out of Memory Error (./src/hotspot/os/windows/os_windows.cpp:3619), pid=18096, tid=3508
#
# JRE version:  (11.0.13+7) (build )
# Java VM: OpenJDK 64-Bit Server VM (11.0.13+7-b1751.25, mixed mode, sharing, tiered, compressed oops, g1 gc, windows-amd64)
# No core dump will be written. Minidumps are not enabled by default on client versions of Windows
#

---------------  S U M M A R Y ------------

Command Line: -javaagent:C:\Users\kosmo\AppData\Local\JetBrains\Toolbox\apps\IDEA-U\ch-0\213.6777.52\lib\idea_rt.jar=60759:C:\Users\kosmo\AppData\Local\JetBrains\Toolbox\apps\IDEA-U\ch-0\213.6777.52\bin -Dfile.encoding=UTF-8 com.example.ApplicationKt

Host: Intel(R) Core(TM) i5-8250U CPU @ 1.60GHz, 8 cores, 15G,  Windows 11 , 64 bit Build 22000 (10.0.22000.1761)
Time: Sun May  7 00:12:56 2023 FLE Daylight Time elapsed time: 0.031625 seconds (0d 0h 0m 0s)

---------------  T H R E A D  ---------------

Current thread (0x0000015966cca000):  JavaThread "Unknown thread" [_thread_in_vm, id=3508, stack(0x000000199f900000,0x000000199fa00000)]

Stack: [0x000000199f900000,0x000000199fa00000]
Native frames: (J=compiled Java code, j=interpreted, Vv=VM code, C=native code)
V  [jvm.dll+0x613daa]
V  [jvm.dll+0x799b30]
V  [jvm.dll+0x79b14d]
V  [jvm.dll+0x79b823]
V  [jvm.dll+0x24c958]
V  [jvm.dll+0x610e24]
V  [jvm.dll+0x605b25]
V  [jvm.dll+0x30aaab]
V  [jvm.dll+0x30aa1a]
V  [jvm.dll+0x30a8f2]
V  [jvm.dll+0x30f856]
V  [jvm.dll+0x359143]
V  [jvm.dll+0x359846]
V  [jvm.dll+0x359243]
V  [jvm.dll+0x2e57a8]
V  [jvm.dll+0x2e6947]
V  [jvm.dll+0x776d47]
V  [jvm.dll+0x77853c]
V  [jvm.dll+0x3666c9]
V  [jvm.dll+0x75a9ce]
V  [jvm.dll+0x3d47d3]
V  [jvm.dll+0x3d6d21]
C  [jli.dll+0x536b]
C  [ucrtbase.dll+0x26c0c]
C  [KERNEL32.DLL+0x15590]
C  [ntdll.dll+0x485b]


---------------  P R O C E S S  ---------------

Threads class SMR info:
_java_thread_list=0x0000015964abc030, length=0, elements={
}

Java Threads: ( => current thread )

Other Threads:
  0x0000015966ce2800 GCTaskThread "GC Thread#0" [stack: 0x000000199fa00000,0x000000199fb00000] [id=7912]
  0x0000015966d40800 ConcurrentGCThread "G1 Main Marker" [stack: 0x000000199fb00000,0x000000199fc00000] [id=16100]
  0x0000015966d43000 ConcurrentGCThread "G1 Conc#0" [stack: 0x000000199fc00000,0x000000199fd00000] [id=12144]

[error occurred during error reporting (printing all threads), id 0xc0000005, EXCEPTION_ACCESS_VIOLATION (0xc0000005) at pc=0x00007ffae4775c97]

VM state:not at safepoint (not fully initialized)

VM Mutex/Monitor currently owned by a thread:  ([mutex/lock_event])
[0x0000015966cc7400] Heap_lock - owner thread: 0x0000015966cca000

Heap address: 0x0000000701e00000, size: 4066 MB, Compressed Oops mode: Non-zero based: 0x0000000701e00000
Narrow klass base: 0x0000000000000000, Narrow klass shift: 0

GC Heap History (0 events):
No events

Deoptimization events (0 events):
No events

Classes redefined (0 events):
No events

Internal exceptions (0 events):
No events

Events (1 events):
Event: 0.018 Loaded shared library C:\Users\kosmo\AppData\Local\JetBrains\Toolbox\apps\IDEA-U\ch-0\213.6777.52\jbr\bin\zip.dll


Dynamic libraries:
0x00007ff7cb710000 - 0x00007ff7cb71a000 	C:\Users\kosmo\AppData\Local\JetBrains\Toolbox\apps\IDEA-U\ch-0\213.6777.52\jbr\bin\java.exe
0x00007ffb52660000 - 0x00007ffb52869000 	C:\Windows\SYSTEM32\ntdll.dll
0x00007ffb50eb0000 - 0x00007ffb50f6e000 	C:\Windows\System32\KERNEL32.DLL
0x00007ffb4ff90000 - 0x00007ffb50313000 	C:\Windows\System32\KERNELBASE.dll
0x00007ffb4fe70000 - 0x00007ffb4ff81000 	C:\Windows\System32\ucrtbase.dll
0x00007ffb1b5b0000 - 0x00007ffb1b5c9000 	C:\Users\kosmo\AppData\Local\JetBrains\Toolbox\apps\IDEA-U\ch-0\213.6777.52\jbr\bin\jli.dll
0x00007ffb1b590000 - 0x00007ffb1b5a7000 	C:\Users\kosmo\AppData\Local\JetBrains\Toolbox\apps\IDEA-U\ch-0\213.6777.52\jbr\bin\VCRUNTIME140.dll
0x00007ffb50ca0000 - 0x00007ffb50e4d000 	C:\Windows\System32\USER32.dll
0x00007ffb4fc30000 - 0x00007ffb4fc56000 	C:\Windows\System32\win32u.dll
0x00007ffb505d0000 - 0x00007ffb505f9000 	C:\Windows\System32\GDI32.dll
0x00007ffb4fb10000 - 0x00007ffb4fc2a000 	C:\Windows\System32\gdi32full.dll
0x00007ffb38860000 - 0x00007ffb38b05000 	C:\Windows\WinSxS\amd64_microsoft.windows.common-controls_6595b64144ccf1df_6.0.22000.120_none_9d947278b86cc467\COMCTL32.dll
0x00007ffb4fdd0000 - 0x00007ffb4fe6d000 	C:\Windows\System32\msvcp_win.dll
0x00007ffb52490000 - 0x00007ffb52533000 	C:\Windows\System32\msvcrt.dll
0x00007ffb50600000 - 0x00007ffb50631000 	C:\Windows\System32\IMM32.DLL
0x00007ffaef360000 - 0x00007ffaef3fd000 	C:\Users\kosmo\AppData\Local\JetBrains\Toolbox\apps\IDEA-U\ch-0\213.6777.52\jbr\bin\msvcp140.dll
0x00007ffae4480000 - 0x00007ffae4ff6000 	C:\Users\kosmo\AppData\Local\JetBrains\Toolbox\apps\IDEA-U\ch-0\213.6777.52\jbr\bin\server\jvm.dll
0x00007ffb50500000 - 0x00007ffb505ae000 	C:\Windows\System32\ADVAPI32.dll
0x00007ffb509c0000 - 0x00007ffb50a5e000 	C:\Windows\System32\sechost.dll
0x00007ffb52030000 - 0x00007ffb52151000 	C:\Windows\System32\RPCRT4.dll
0x00007ffb504f0000 - 0x00007ffb504f8000 	C:\Windows\System32\PSAPI.DLL
0x00007ffb4bbe0000 - 0x00007ffb4bbe9000 	C:\Windows\SYSTEM32\WSOCK32.dll
0x00007ffb51110000 - 0x00007ffb5117f000 	C:\Windows\System32\WS2_32.dll
0x00007ffb4a310000 - 0x00007ffb4a31a000 	C:\Windows\SYSTEM32\VERSION.dll
0x00007ffb490b0000 - 0x00007ffb490e3000 	C:\Windows\SYSTEM32\WINMM.dll
0x00007ffb4eb50000 - 0x00007ffb4eb68000 	C:\Windows\SYSTEM32\kernel.appcore.dll
0x00007ffb24b00000 - 0x00007ffb24b11000 	C:\Users\kosmo\AppData\Local\JetBrains\Toolbox\apps\IDEA-U\ch-0\213.6777.52\jbr\bin\verify.dll
0x00007ffb4d070000 - 0x00007ffb4d291000 	C:\Windows\SYSTEM32\DBGHELP.DLL
0x00007ffb35630000 - 0x00007ffb35661000 	C:\Windows\SYSTEM32\dbgcore.DLL
0x00007ffb503e0000 - 0x00007ffb5045f000 	C:\Windows\System32\bcryptPrimitives.dll
0x00007ffb124b0000 - 0x00007ffb124d9000 	C:\Users\kosmo\AppData\Local\JetBrains\Toolbox\apps\IDEA-U\ch-0\213.6777.52\jbr\bin\java.dll
0x00007ffb303f0000 - 0x00007ffb303fb000 	C:\Users\kosmo\AppData\Local\JetBrains\Toolbox\apps\IDEA-U\ch-0\213.6777.52\jbr\bin\jimage.dll
0x00007ffb29d40000 - 0x00007ffb29d4f000 	C:\Users\kosmo\AppData\Local\JetBrains\Toolbox\apps\IDEA-U\ch-0\213.6777.52\jbr\bin\instrument.dll
0x00007ffb1c9d0000 - 0x00007ffb1c9e8000 	C:\Users\kosmo\AppData\Local\JetBrains\Toolbox\apps\IDEA-U\ch-0\213.6777.52\jbr\bin\zip.dll

dbghelp: loaded successfully - version: 4.0.5 - missing functions: none
symbol engine: initialized successfully - sym options: 0x614 - pdb path: .;C:\Users\kosmo\AppData\Local\JetBrains\Toolbox\apps\IDEA-U\ch-0\213.6777.52\jbr\bin;C:\Windows\SYSTEM32;C:\Windows\WinSxS\amd64_microsoft.windows.common-controls_6595b64144ccf1df_6.0.22000.120_none_9d947278b86cc467;C:\Users\kosmo\AppData\Local\JetBrains\Toolbox\apps\IDEA-U\ch-0\213.6777.52\jbr\bin\server

VM Arguments:
jvm_args: -javaagent:C:\Users\kosmo\AppData\Local\JetBrains\Toolbox\apps\IDEA-U\ch-0\213.6777.52\lib\idea_rt.jar=60759:C:\Users\kosmo\AppData\Local\JetBrains\Toolbox\apps\IDEA-U\ch-0\213.6777.52\bin -Dfile.encoding=UTF-8 
java_command: com.example.ApplicationKt
java_class_path (initial): D:\DP\server_tor\build\classes\kotlin\main;D:\DP\server_tor\build\resources\main;C:\Users\kosmo\.gradle\caches\modules-2\files-2.1\io.ktor\ktor-server-websockets-jvm\2.3.0\3fbca730a6352a4f7572815bc8f4b06b0c716c36\ktor-server-websockets-jvm-2.3.0.jar;C:\Users\kosmo\.gradle\caches\modules-2\files-2.1\io.ktor\ktor-server-netty-jvm\2.3.0\bfdbe066e5b708f8194d11bc58e8e4c2e8a9b9dc\ktor-server-netty-jvm-2.3.0.jar;C:\Users\kosmo\.gradle\caches\modules-2\files-2.1\io.ktor\ktor-server-core-jvm\2.3.0\acc3db8d9e8cee58d6f31329230bad078e1483e8\ktor-server-core-jvm-2.3.0.jar;C:\Users\kosmo\.gradle\caches\modules-2\files-2.1\org.jetbrains.kotlin\kotlin-stdlib-jdk8\1.8.21\67f57e154437cd9e6e9cf368394b95814836ff88\kotlin-stdlib-jdk8-1.8.21.jar;C:\Users\kosmo\.gradle\caches\modules-2\files-2.1\ch.qos.logback\logback-classic\1.2.11\4741689214e9d1e8408b206506cbe76d1c6a7d60\logback-classic-1.2.11.jar;C:\Users\kosmo\.gradle\caches\modules-2\files-2.1\org.jetbrains.kotlin\kotlin-stdlib-jdk7\1.8.21\7473b8cd3c0ef9932345baf569bc398e8a717046\kotlin-stdlib-jdk7-1.8.21.jar;C:\Users\kosmo\.gradle\caches\modules-2\files-2.1\org.jetbrains.kotlinx\kotlinx-coroutines-jdk8\1.6.4\5bc4b0bf6fd90fc190fd2f17e919c74c6274cb71\kotlinx-coroutines-jdk8-1.6.4.jar;C:\Users\kosmo\.gradle\caches\modules-2\files-2.1\org.slf4j\slf4j-api\1.7.36\6c62681a2f655b49963a5983b8b0950a6120ae14\slf4j-api-1.7.36.jar;C:\Users\kosmo\.gradle\caches\modules-2\files-2.1\org.jetbrains.kotlin\kotlin-stdlib-common\1.8.21\d749cd5ae25da36d06e5028785038e24f9d37976\kotlin-stdlib-common-1.8.21.jar;C:\Users\kosmo\.gradle\caches\modules-2\files-2.1\io.netty\netty-codec-http2\4.1.91.Final\4ee7027e1653c6ee3f843191e0d932f29e8e14e1\netty-codec-http2-4.1.91.Final.jar;C:\Users\kosmo\.gradle\caches\modules-2\files-2.1\org.eclipse.jetty.alpn\alpn-api\1.1.3.v20160715\a1bf3a937f91b4c953acd13e8c9552347adc2198\alpn-api-1.1.3.v20160715.jar;C:\Users\kosmo\.gradle\caches\modules-2\files-2.1\io.netty\netty-transport-native-kqueue\4.
Launcher Type: SUN_STANDARD

[Global flags]
     intx CICompilerCount                          = 4                                         {product} {ergonomic}
     uint ConcGCThreads                            = 2                                         {product} {ergonomic}
     uint G1ConcRefinementThreads                  = 8                                         {product} {ergonomic}
   size_t G1HeapRegionSize                         = 1048576                                   {product} {ergonomic}
    uintx GCDrainStackTargetSize                   = 64                                        {product} {ergonomic}
   size_t InitialHeapSize                          = 268435456                                 {product} {ergonomic}
   size_t MarkStackSize                            = 4194304                                   {product} {ergonomic}
   size_t MaxHeapSize                              = 4263510016                                {product} {ergonomic}
   size_t MinHeapDeltaBytes                        = 1048576                                   {product} {ergonomic}
    uintx NonNMethodCodeHeapSize                   = 5836300                                {pd product} {ergonomic}
    uintx NonProfiledCodeHeapSize                  = 122910970                              {pd product} {ergonomic}
    uintx ProfiledCodeHeapSize                     = 122910970                              {pd product} {ergonomic}
    uintx ReservedCodeCacheSize                    = 251658240                              {pd product} {ergonomic}
     bool SegmentedCodeCache                       = true                                      {product} {ergonomic}
     bool UseCompressedClassPointers               = true                                 {lp64_product} {ergonomic}
     bool UseCompressedOops                        = true                                 {lp64_product} {ergonomic}
     bool UseG1GC                                  = true                                      {product} {ergonomic}
     bool UseLargePagesIndividualAllocation        = false                                  {pd product} {ergonomic}

Logging:
Log output configuration:
 #0: stdout all=warning uptime,level,tags
 #1: stderr all=off uptime,level,tags

Environment Variables:
PATH=C:\ProgramData\Oracle\Java\javapath;C:\Windows\system32;C:\Windows;C:\Windows\System32\Wbem;C:\Windows\System32\WindowsPowerShell\v1.0\;C:\Windows\System32\OpenSSH\;C:\Program Files\NVIDIA Corporation\NVIDIA NvDLISR;C:\Program Files (x86)\NVIDIA Corporation\PhysX\Common;D:\Soft\runtime\win64;D:\Soft\bin;C:\Program Files\Git\cmd;C:\Program Files\nodejs\;C:\Program Files\Graphviz\bin;C:\Program Files\dotnet\;C:\Program Files\Docker\Docker\resources\bin;C:\Users\kosmo\Desktop\iperf-3.1.3-win64;C:\Windows\System32\OpenSSH\;C:\Program Files\PuTTY\;%USERPROFILE%\AppData\Local\Microsoft\WindowsApps;C:\Users\kosmo\AppData\Roaming\npm;C:\Program Files (x86)\Graphviz\bin;C:\Exercism;C:\Users\kosmo\AppData\Local\JetBrains\Toolbox\scripts
USERNAME=kosmo
OS=Windows_NT
PROCESSOR_IDENTIFIER=Intel64 Family 6 Model 142 Stepping 10, GenuineIntel



---------------  S Y S T E M  ---------------

OS: Windows 11 , 64 bit Build 22000 (10.0.22000.1761)
OS uptime: 0 days 12:19 hours
Hyper-V role detected

CPU:total 8 (initial active 8) (4 cores per cpu, 2 threads per core) family 6 model 142 stepping 10 microcode 0xe0, cmov, cx8, fxsr, mmx, sse, sse2, sse3, ssse3, sse4.1, sse4.2, popcnt, avx, avx2, aes, clmul, erms, 3dnowpref, lzcnt, ht, tsc, tscinvbit, bmi1, bmi2, adx, fma

Memory: 4k page, system-wide physical 16262M (991M free)
TotalPageFile size 20360M (AvailPageFile size 229M)
current process WorkingSet (physical memory assigned to process): 11M, peak: 11M
current process commit charge ("private bytes"): 60M, peak: 316M

vm_info: OpenJDK 64-Bit Server VM (11.0.13+7-b1751.25) for windows-amd64 JRE (11.0.13+7-b1751.25), built on Jan 13 2022 20:47:27 by "" with MS VC++ 14.0 (VS2015)

END.
