#
# There is insufficient memory for the Java Runtime Environment to continue.
# Native memory allocation (mmap) failed to map 268435456 bytes for G1 virtual space
# Possible reasons:
#   The system is out of physical RAM or swap space
#   The process is running with CompressedOops enabled, and the Java Heap may be blocking the growth of the native heap
# Possible solutions:
#   Reduce memory load on the system
#   Increase physical memory or swap space
#   Check if swap backing store is full
#   Decrease Java heap size (-Xmx/-Xms)
#   Decrease number of Java threads
#   Decrease Java thread stack sizes (-Xss)
#   Set larger code cache with -XX:ReservedCodeCacheSize=
#   JVM is running with Zero Based Compressed Oops mode in which the Java heap is
#     placed in the first 32GB address space. The Java Heap base address is the
#     maximum limit for the native heap growth. Please use -XX:HeapBaseMinAddress
#     to set the Java Heap base and to place the Java Heap above 32GB virtual address.
# This output file may be truncated or incomplete.
#
#  Out of Memory Error (os_windows.cpp:3466), pid=12044, tid=23308
#
# JRE version:  (16.0.2+7) (build )
# Java VM: OpenJDK 64-Bit Server VM (16.0.2+7, mixed mode, sharing, tiered, compressed oops, compressed class ptrs, g1 gc, windows-amd64)
# No core dump will be written. Minidumps are not enabled by default on client versions of Windows
#

---------------  S U M M A R Y ------------

Command Line: org.jetbrains.kotlin.cli.jvm.K2JVMCompiler @D:\DP\server_tor\build\20230511_16725416624242242417.compiler.options

Host: Intel(R) Core(TM) i5-8250U CPU @ 1.60GHz, 8 cores, 15G,  Windows 10 , 64 bit Build 22000 (10.0.22000.1761)
Time: Thu May 11 14:12:40 2023 FLE Daylight Time elapsed time: 0.014689 seconds (0d 0h 0m 0s)

---------------  T H R E A D  ---------------

Current thread (0x000001d0c4297470):  JavaThread "Unknown thread" [_thread_in_vm, id=23308, stack(0x0000003548100000,0x0000003548200000)]

Stack: [0x0000003548100000,0x0000003548200000]
Native frames: (J=compiled Java code, j=interpreted, Vv=VM code, C=native code)
V  [jvm.dll+0x647e0a]
V  [jvm.dll+0x7f0549]
V  [jvm.dll+0x7f1cfe]
V  [jvm.dll+0x7f2343]
V  [jvm.dll+0x23dd88]
V  [jvm.dll+0x644b4a]
V  [jvm.dll+0x639795]
V  [jvm.dll+0x2f66f9]
V  [jvm.dll+0x2fd516]
V  [jvm.dll+0x34999a]
V  [jvm.dll+0x349bdf]
V  [jvm.dll+0x2cc918]
V  [jvm.dll+0x2cdb49]
V  [jvm.dll+0x7c4431]
V  [jvm.dll+0x356ee1]
V  [jvm.dll+0x7a30b0]
V  [jvm.dll+0x3d4c55]
V  [jvm.dll+0x3d69f1]
C  [jli.dll+0x5243]
C  [ucrtbase.dll+0x26c0c]
C  [KERNEL32.DLL+0x15590]
C  [ntdll.dll+0x485b]


---------------  P R O C E S S  ---------------

Threads class SMR info:
_java_thread_list=0x00007ff9f9bc73d8, length=0, elements={
}

Java Threads: ( => current thread )

Other Threads:
  0x000001d0c42e78a0 GCTaskThread "GC Thread#0" [stack: 0x0000003548200000,0x0000003548300000] [id=13992]
  0x000001d0c42f9860 ConcurrentGCThread "G1 Main Marker" [stack: 0x0000003548300000,0x0000003548400000] [id=23408]
  0x000001d0c42fab10 ConcurrentGCThread "G1 Conc#0" [stack: 0x0000003548400000,0x0000003548500000] [id=4688]

[error occurred during error reporting (printing all threads), id 0xc0000005, EXCEPTION_ACCESS_VIOLATION (0xc0000005) at pc=0x00007ff9f933e207]

VM state: not at safepoint (not fully initialized)

VM Mutex/Monitor currently owned by a thread:  ([mutex/lock_event])
[0x000001d0c4293cd0] Heap_lock - owner thread: 0x000001d0c4297470

Heap address: 0x0000000701e00000, size: 4066 MB, Compressed Oops mode: Zero based, Oop shift amount: 3

CDS archive(s) mapped at: [0x0000000000000000-0x0000000000000000-0x0000000000000000), size 0, SharedBaseAddress: 0x0000000800000000, ArchiveRelocationMode: 0.
Narrow klass base: 0x0000000000000000, Narrow klass shift: 0, Narrow klass range: 0x0

GC Precious Log:
<Empty>

Heap:
 garbage-first heap   total 0K, used 0K [0x0000000701e00000, 0x0000000800000000)
  region size 2048K, 0 young (0K), 0 survivors (0K)

[error occurred during error reporting (printing heap information), id 0xc0000005, EXCEPTION_ACCESS_VIOLATION (0xc0000005) at pc=0x00007ff9f96fff7d]

GC Heap History (0 events):
No events

Deoptimization events (0 events):
No events

Classes unloaded (0 events):
No events

Classes redefined (0 events):
No events

Internal exceptions (0 events):
No events

Events (1 events):
Event: 0.009 Loaded shared library C:\Users\kosmo\.jdks\corretto-16.0.2\bin\java.dll


Dynamic libraries:
0x00007ff651790000 - 0x00007ff65179d000 	C:\Users\kosmo\.jdks\corretto-16.0.2\bin\java.exe
0x00007ffa53100000 - 0x00007ffa53309000 	C:\Windows\SYSTEM32\ntdll.dll
0x00007ffa529b0000 - 0x00007ffa52a6e000 	C:\Windows\System32\KERNEL32.DLL
0x00007ffa50770000 - 0x00007ffa50af3000 	C:\Windows\System32\KERNELBASE.dll
0x00007ffa50b00000 - 0x00007ffa50c11000 	C:\Windows\System32\ucrtbase.dll
0x00007ffa3e770000 - 0x00007ffa3e788000 	C:\Users\kosmo\.jdks\corretto-16.0.2\bin\jli.dll
0x00007ffa3d760000 - 0x00007ffa3d775000 	C:\Users\kosmo\.jdks\corretto-16.0.2\bin\VCRUNTIME140.dll
0x00007ffa525f0000 - 0x00007ffa5279d000 	C:\Windows\System32\USER32.dll
0x00007ffa365f0000 - 0x00007ffa36895000 	C:\Windows\WinSxS\amd64_microsoft.windows.common-controls_6595b64144ccf1df_6.0.22000.120_none_9d947278b86cc467\COMCTL32.dll
0x00007ffa50ca0000 - 0x00007ffa50cc6000 	C:\Windows\System32\win32u.dll
0x00007ffa52e90000 - 0x00007ffa52f33000 	C:\Windows\System32\msvcrt.dll
0x00007ffa524e0000 - 0x00007ffa52509000 	C:\Windows\System32\GDI32.dll
0x00007ffa505b0000 - 0x00007ffa506ca000 	C:\Windows\System32\gdi32full.dll
0x00007ffa506d0000 - 0x00007ffa5076d000 	C:\Windows\System32\msvcp_win.dll
0x00007ffa52cb0000 - 0x00007ffa52ce1000 	C:\Windows\System32\IMM32.DLL
0x00007ffa20cf0000 - 0x00007ffa20d8b000 	C:\Users\kosmo\.jdks\corretto-16.0.2\bin\msvcp140.dll
0x00007ff9f9060000 - 0x00007ff9f9c69000 	C:\Users\kosmo\.jdks\corretto-16.0.2\bin\server\jvm.dll
0x00007ffa51e50000 - 0x00007ffa51efe000 	C:\Windows\System32\ADVAPI32.dll
0x00007ffa53020000 - 0x00007ffa530be000 	C:\Windows\System32\sechost.dll
0x00007ffa51c20000 - 0x00007ffa51d41000 	C:\Windows\System32\RPCRT4.dll
0x00007ffa52530000 - 0x00007ffa52538000 	C:\Windows\System32\PSAPI.DLL
0x00007ffa49c10000 - 0x00007ffa49c43000 	C:\Windows\SYSTEM32\WINMM.dll
0x00007ffa4d590000 - 0x00007ffa4d599000 	C:\Windows\SYSTEM32\WSOCK32.dll
0x00007ffa4ae80000 - 0x00007ffa4ae8a000 	C:\Windows\SYSTEM32\VERSION.dll
0x00007ffa51de0000 - 0x00007ffa51e4f000 	C:\Windows\System32\WS2_32.dll
0x00007ffa4f5f0000 - 0x00007ffa4f608000 	C:\Windows\SYSTEM32\kernel.appcore.dll
0x00007ffa41360000 - 0x00007ffa4136a000 	C:\Users\kosmo\.jdks\corretto-16.0.2\bin\jimage.dll
0x00007ffa4dae0000 - 0x00007ffa4dd01000 	C:\Windows\SYSTEM32\DBGHELP.DLL
0x00007ffa37c60000 - 0x00007ffa37c91000 	C:\Windows\SYSTEM32\dbgcore.DLL
0x00007ffa50c20000 - 0x00007ffa50c9f000 	C:\Windows\System32\bcryptPrimitives.dll
0x00007ffa37420000 - 0x00007ffa37445000 	C:\Users\kosmo\.jdks\corretto-16.0.2\bin\java.dll

dbghelp: loaded successfully - version: 4.0.5 - missing functions: none
symbol engine: initialized successfully - sym options: 0x614 - pdb path: .;C:\Users\kosmo\.jdks\corretto-16.0.2\bin;C:\Windows\SYSTEM32;C:\Windows\WinSxS\amd64_microsoft.windows.common-controls_6595b64144ccf1df_6.0.22000.120_none_9d947278b86cc467;C:\Users\kosmo\.jdks\corretto-16.0.2\bin\server

VM Arguments:
java_command: org.jetbrains.kotlin.cli.jvm.K2JVMCompiler @D:\DP\server_tor\build\20230511_16725416624242242417.compiler.options
java_class_path (initial): C:\Users\kosmo\.gradle\caches\modules-2\files-2.1\org.jetbrains.kotlin\kotlin-compiler-embeddable\1.8.21\a4a682d55fb788432e4b7bf2ab3acb7a7365fb35\kotlin-compiler-embeddable-1.8.21.jar;C:\Users\kosmo\.gradle\caches\modules-2\files-2.1\org.jetbrains.kotlin\kotlin-stdlib\1.8.21\43d50ab85bc7587adfe3dda3dbe579e5f8d51265\kotlin-stdlib-1.8.21.jar;C:\Users\kosmo\.gradle\caches\modules-2\files-2.1\org.jetbrains.kotlin\kotlin-script-runtime\1.8.21\bf43f76b6e29bdc09b6c8a4511a9118b0ab12b1f\kotlin-script-runtime-1.8.21.jar;C:\Users\kosmo\.gradle\caches\modules-2\files-2.1\org.jetbrains.kotlin\kotlin-reflect\1.6.10\1cbe9c92c12a94eea200d23c2bbaedaf3daf5132\kotlin-reflect-1.6.10.jar;C:\Users\kosmo\.gradle\caches\modules-2\files-2.1\org.jetbrains.kotlin\kotlin-daemon-embeddable\1.8.21\882003c48db58d16c8fb5a933abf08b5974a1a19\kotlin-daemon-embeddable-1.8.21.jar;C:\Users\kosmo\.gradle\caches\modules-2\files-2.1\org.jetbrains.intellij.deps\trove4j\1.0.20200330\3afb14d5f9ceb459d724e907a21145e8ff394f02\trove4j-1.0.20200330.jar;C:\Users\kosmo\.gradle\caches\modules-2\files-2.1\net.java.dev.jna\jna\5.6.0\330f2244e9030119ab3030fc3fededc86713d9cc\jna-5.6.0.jar;C:\Users\kosmo\.gradle\caches\modules-2\files-2.1\org.jetbrains.kotlin\kotlin-stdlib-common\1.8.21\d749cd5ae25da36d06e5028785038e24f9d37976\kotlin-stdlib-common-1.8.21.jar;C:\Users\kosmo\.gradle\caches\modules-2\files-2.1\org.jetbrains\annotations\13.0\919f0dfe192fb4e063e7dacadee7f8bb9a2672a9\annotations-13.0.jar
Launcher Type: SUN_STANDARD

[Global flags]
     intx CICompilerCount                          = 4                                         {product} {ergonomic}
     uint ConcGCThreads                            = 2                                         {product} {ergonomic}
     uint G1ConcRefinementThreads                  = 8                                         {product} {ergonomic}
   size_t G1HeapRegionSize                         = 2097152                                   {product} {ergonomic}
    uintx GCDrainStackTargetSize                   = 64                                        {product} {ergonomic}
   size_t InitialHeapSize                          = 268435456                                 {product} {ergonomic}
   size_t MarkStackSize                            = 4194304                                   {product} {ergonomic}
   size_t MaxHeapSize                              = 4263510016                                {product} {ergonomic}
   size_t MinHeapDeltaBytes                        = 2097152                                   {product} {ergonomic}
   size_t MinHeapSize                              = 8388608                                   {product} {ergonomic}
    uintx NonNMethodCodeHeapSize                   = 5839372                                {pd product} {ergonomic}
    uintx NonProfiledCodeHeapSize                  = 122909434                              {pd product} {ergonomic}
    uintx ProfiledCodeHeapSize                     = 122909434                              {pd product} {ergonomic}
    uintx ReservedCodeCacheSize                    = 251658240                              {pd product} {ergonomic}
     bool SegmentedCodeCache                       = true                                      {product} {ergonomic}
   size_t SoftMaxHeapSize                          = 4263510016                             {manageable} {ergonomic}
     bool UseCompressedClassPointers               = true                           {product lp64_product} {ergonomic}
     bool UseCompressedOops                        = true                           {product lp64_product} {ergonomic}
     bool UseG1GC                                  = true                                      {product} {ergonomic}
     bool UseLargePagesIndividualAllocation        = false                                  {pd product} {ergonomic}

Logging:
Log output configuration:
 #0: stdout all=warning uptime,level,tags
 #1: stderr all=off uptime,level,tags

Environment Variables:
PATH=C:\ProgramData\Oracle\Java\javapath;C:\Windows\system32;C:\Windows;C:\Windows\System32\Wbem;C:\Windows\System32\WindowsPowerShell\v1.0\;C:\Windows\System32\OpenSSH\;C:\Program Files\NVIDIA Corporation\NVIDIA NvDLISR;C:\Program Files (x86)\NVIDIA Corporation\PhysX\Common;D:\Soft\runtime\win64;D:\Soft\bin;C:\Program Files\Git\cmd;C:\Program Files\nodejs\;C:\Program Files\Graphviz\bin;C:\Program Files\dotnet\;C:\Program Files\Docker\Docker\resources\bin;C:\Users\kosmo\Desktop\iperf-3.1.3-win64;C:\Windows\System32\OpenSSH\;C:\Program Files\PuTTY\;%USERPROFILE%\AppData\Local\Microsoft\WindowsApps;C:\Users\kosmo\AppData\Roaming\npm;C:\Program Files (x86)\Graphviz\bin;C:\Exercism;C:\Users\kosmo\AppData\Local\JetBrains\Toolbox\scripts
USERNAME=kosmo
OS=Windows_NT
PROCESSOR_IDENTIFIER=Intel64 Family 6 Model 142 Stepping 10, GenuineIntel



---------------  S Y S T E M  ---------------

OS:
 Windows 10 , 64 bit Build 22000 (10.0.22000.1761)
OS uptime: 2 days 18:42 hours
Hyper-V role detected

CPU: total 8 (initial active 8) (4 cores per cpu, 2 threads per core) family 6 model 142 stepping 10 microcode 0xe0, cx8, cmov, fxsr, ht, mmx, 3dnowpref, sse, sse2, sse3, ssse3, sse4.1, sse4.2, popcnt, lzcnt, tsc, tscinvbit, avx, avx2, aes, erms, clmul, bmi1, bmi2, adx, fma, vzeroupper, clflush, clflushopt, hv

Memory: 4k page, system-wide physical 16262M (1237M free)
TotalPageFile size 20360M (AvailPageFile size 199M)
current process WorkingSet (physical memory assigned to process): 11M, peak: 11M
current process commit charge ("private bytes"): 60M, peak: 316M

vm_info: OpenJDK 64-Bit Server VM (16.0.2+7) for windows-amd64 JRE (16.0.2+7), built on Jul 22 2021 01:11:46 by "Administrator" with MS VC++ 15.9 (VS2017)

END.
